2025-10-07 17:43:20 WARN  TestLog4j:14 - This is Warn...!!
2025-10-07 17:43:20 ERROR TestLog4j:15 - This is Error...!!
2025-10-07 17:43:20 FATAL TestLog4j:16 - This is Fatal...!!
2025-10-07 17:43:20 ERROR TestLog4j:23 - Arithmetic Error
java.lang.ArithmeticException: / by zero
	at com.rays.log.TestLog4j.main(TestLog4j.java:20)
2025-10-07 17:45:26 WARN  TestLog4j:16 - This is Warn...!!
2025-10-07 17:45:26 ERROR TestLog4j:17 - This is Error...!!
2025-10-07 17:45:26 FATAL TestLog4j:18 - This is Fatal...!!
2025-10-07 17:45:26 ERROR TestLog4j:25 - Arithmetic Error
java.lang.ArithmeticException: / by zero
	at com.rays.log.TestLog4j.main(TestLog4j.java:22)
2025-10-09 12:16:46 WARN  TestLog4j:16 - This is Warn...!!
2025-10-09 12:16:46 ERROR TestLog4j:17 - This is Error...!!
2025-10-09 12:16:46 FATAL TestLog4j:18 - This is Fatal...!!
2025-10-09 12:16:46 ERROR TestLog4j:25 - Arithmetic Error
java.lang.ArithmeticException: / by zero
	at com.rays.log.TestLog4j.main(TestLog4j.java:22)
2025-10-09 12:17:23 DEBUG TestLog4j:14 - This is Debug...!!
2025-10-09 12:17:23 INFO  TestLog4j:15 - This is Info...!!
2025-10-09 12:17:23 WARN  TestLog4j:16 - This is Warn...!!
2025-10-09 12:17:23 ERROR TestLog4j:17 - This is Error...!!
2025-10-09 12:17:23 FATAL TestLog4j:18 - This is Fatal...!!
2025-10-09 12:17:23 ERROR TestLog4j:25 - Arithmetic Error
java.lang.ArithmeticException: / by zero
	at com.rays.log.TestLog4j.main(TestLog4j.java:22)
2025-10-09 12:26:17 DEBUG TestLog4j:11 - This is Debug...!!
2025-10-09 12:26:17 INFO  TestLog4j:12 - This is Info...!!
2025-10-09 12:26:17 WARN  TestLog4j:13 - This is Warn...!!
2025-10-09 12:26:17 ERROR TestLog4j:14 - This is Error...!!
2025-10-09 12:26:17 FATAL TestLog4j:15 - This is Fatal...!!
2025-10-09 12:26:17 ERROR TestLog4j:23 - Arithmetic Error
java.lang.ArithmeticException: / by zero
	at com.rays.log.TestLog4j.main(TestLog4j.java:20)
2025-10-09 12:26:26 DEBUG TestLog4j:11 - This is Debug...!!
2025-10-09 12:26:26 INFO  TestLog4j:12 - This is Info...!!
2025-10-09 12:26:26 WARN  TestLog4j:13 - This is Warn...!!
2025-10-09 12:26:26 ERROR TestLog4j:14 - This is Error...!!
2025-10-09 12:26:26 FATAL TestLog4j:15 - This is Fatal...!!
2025-10-09 12:26:26 ERROR TestLog4j:23 - Arithmetic Error
java.lang.ArithmeticException: / by zero
	at com.rays.log.TestLog4j.main(TestLog4j.java:20)
2025-10-09 12:26:37 DEBUG TestLog4j:11 - This is Debug...!!
2025-10-09 12:26:37 INFO  TestLog4j:12 - This is Info...!!
2025-10-09 12:26:37 WARN  TestLog4j:13 - This is Warn...!!
2025-10-09 12:26:37 ERROR TestLog4j:14 - This is Error...!!
2025-10-09 12:26:37 FATAL TestLog4j:15 - This is Fatal...!!
2025-10-09 12:26:37 ERROR TestLog4j:23 - Arithmetic Error
java.lang.ArithmeticException: / by zero
	at com.rays.log.TestLog4j.main(TestLog4j.java:20)
2025-10-09 12:28:22 DEBUG TestLog4j:11 - This is Debug...!!
2025-10-09 12:28:22 INFO  TestLog4j:12 - This is Info...!!
2025-10-09 12:28:22 WARN  TestLog4j:13 - This is Warn...!!
2025-10-09 12:28:22 ERROR TestLog4j:14 - This is Error...!!
2025-10-09 12:28:22 FATAL TestLog4j:15 - This is Fatal...!!
2025-10-09 12:28:37 DEBUG TestLog4j:11 - This is Debug...!!
2025-10-09 12:28:37 INFO  TestLog4j:12 - This is Info...!!
2025-10-09 12:28:37 WARN  TestLog4j:13 - This is Warn...!!
2025-10-09 12:28:37 ERROR TestLog4j:14 - This is Error...!!
2025-10-09 12:28:37 FATAL TestLog4j:15 - This is Fatal...!!
2025-10-09 12:28:47 DEBUG TestLog4j:11 - This is Debug...!!
2025-10-09 12:28:47 INFO  TestLog4j:12 - This is Info...!!
2025-10-09 12:28:47 WARN  TestLog4j:13 - This is Warn...!!
2025-10-09 12:28:47 ERROR TestLog4j:14 - This is Error...!!
2025-10-09 12:28:47 FATAL TestLog4j:15 - This is Fatal...!!
2025-10-09 12:28:47 ERROR TestLog4j:23 - Arithmetic Error
java.lang.ArithmeticException: / by zero
	at com.rays.log.TestLog4j.main(TestLog4j.java:20)
2025-10-09 12:30:48 DEBUG TestLog4j:11 - This is Debug...!!
2025-10-09 12:30:48 INFO  TestLog4j:12 - This is Info...!!
2025-10-09 12:30:48 WARN  TestLog4j:13 - This is Warn...!!
2025-10-09 12:30:48 ERROR TestLog4j:14 - This is Error...!!
2025-10-09 12:30:48 FATAL TestLog4j:15 - This is Fatal...!!
2025-10-09 12:30:48 ERROR TestLog4j:22 - Arithmetic Error
java.lang.ArithmeticException: / by zero
	at com.rays.log.TestLog4j.main(TestLog4j.java:20)
2025-10-09 12:31:12 DEBUG TestLog4j:11 - This is Debug...!!
2025-10-09 12:31:12 INFO  TestLog4j:12 - This is Info...!!
2025-10-09 12:31:12 WARN  TestLog4j:13 - This is Warn...!!
2025-10-09 12:31:12 ERROR TestLog4j:14 - This is Error...!!
2025-10-09 12:31:12 FATAL TestLog4j:15 - This is Fatal...!!
2025-10-09 12:31:12 ERROR TestLog4j:22 - My Error
java.lang.ArithmeticException: / by zero
	at com.rays.log.TestLog4j.main(TestLog4j.java:20)
2025-10-09 12:37:53 DEBUG TestLog4j:11 - This is Debug...!!
2025-10-09 12:37:53 INFO  TestLog4j:12 - This is Info...!!
2025-10-09 12:37:53 WARN  TestLog4j:13 - This is Warn...!!
2025-10-09 12:37:53 ERROR TestLog4j:14 - This is Error...!!
2025-10-09 12:37:53 FATAL TestLog4j:15 - This is Fatal...!!
2025-10-09 12:37:53 ERROR TestLog4j:22 - My Error
java.lang.ArithmeticException: / by zero
	at com.rays.log.TestLog4j.main(TestLog4j.java:20)
2025-10-09 12:40:09 DEBUG TestLog4j:11 - This is Debug...!!
2025-10-09 12:40:09 INFO  TestLog4j:12 - This is Info...!!
2025-10-09 12:40:09 WARN  TestLog4j:13 - This is Warn...!!
2025-10-09 12:40:09 ERROR TestLog4j:14 - This is Error...!!
2025-10-09 12:40:09 FATAL TestLog4j:15 - This is Fatal...!!
2025-10-09 12:40:09 ERROR TestLog4j:22 - Arithmetic Error
java.lang.ArithmeticException: / by zero
	at com.rays.log.TestLog4j.main(TestLog4j.java:20)
2025-10-09 12:45:04 DEBUG TestLog4j:11 - This is Debug...!!
2025-10-09 12:45:04 INFO  TestLog4j:12 - This is Info...!!
2025-10-09 12:45:04 WARN  TestLog4j:13 - This is Warn...!!
2025-10-09 12:45:04 ERROR TestLog4j:14 - This is Error...!!
2025-10-09 12:45:04 FATAL TestLog4j:15 - This is Fatal...!!
2025-10-09 12:45:04 ERROR TestLog4j:22 - Arithmetic Error
java.lang.ArithmeticException: / by zero
	at com.rays.log.TestLog4j.main(TestLog4j.java:20)
